<?xml version="1.0" encoding="UTF-8"?>
<robot generator="Robot 4.0.3 (Python 3.9.5 on win32)" generated="20210819 19:33:39.365" rpa="false" schemaversion="2">
<suite id="s1" name="zoombaEmail" source="C:\Repository\Zoomba\emailAutomation\tests\zoombaEmail.robot">
<kw name="Start App" type="SETUP">
<doc>Sets up the application for quick launching through 'Launch Application' and starts the winappdriver</doc>
<kw name="Driver Setup" library="Zoomba.DesktopLibrary">
<doc>Starts the WinAppDriver.</doc>
<status status="PASS" starttime="20210819 19:33:40.405" endtime="20210819 19:33:40.452"/>
</kw>
<kw name="Open Application" library="Zoomba.DesktopLibrary">
<arg>${REMOTE_URL}</arg>
<arg>platformName=Windows</arg>
<arg>deviceName=Windows</arg>
<arg>app=${APP}</arg>
<doc>Opens a new application to given Appium server.
If your application has a splash screen please supply the window name of the final window that will appear.
For the capabilities of appium server and Windows please check http://appium.io/docs/en/drivers/windows</doc>
<status status="PASS" starttime="20210819 19:33:40.452" endtime="20210819 19:33:43.043"/>
</kw>
<kw name="Maximize Window" library="Zoomba.DesktopLibrary">
<doc>Maximizes the current application window.</doc>
<status status="PASS" starttime="20210819 19:33:43.043" endtime="20210819 19:33:43.059"/>
</kw>
<kw name="Quit Application" library="Zoomba.DesktopLibrary">
<doc>Quit application. Application can be quit while Appium session is kept alive.
This keyword can be used to close application during test case or between test cases.</doc>
<status status="PASS" starttime="20210819 19:33:43.059" endtime="20210819 19:33:43.125"/>
</kw>
<status status="PASS" starttime="20210819 19:33:40.405" endtime="20210819 19:33:43.125"/>
</kw>
<test id="s1-t1" name="Enviando Novo Email Com Massa de Dados Via JSON">
<kw name="Launch Application" library="Zoomba.DesktopLibrary" type="SETUP">
<doc>Launch application. Application can be launched while Appium session running.
This keyword can be used to launch application during test case or between test cases.</doc>
<status status="PASS" starttime="20210819 19:33:43.125" endtime="20210819 19:33:44.851"/>
</kw>
<kw name="Create List" library="BuiltIn">
<var>@{emailsToSent}</var>
<doc>Returns a list containing given items.</doc>
<msg timestamp="20210819 19:33:44.852" level="INFO">@{emailsToSent} = [ ]</msg>
<status status="PASS" starttime="20210819 19:33:44.852" endtime="20210819 19:33:44.852"/>
</kw>
<kw name="Wait Until Element Contains" library="Zoomba.DesktopLibrary">
<arg>class=ListItem</arg>
<arg>jeremias.araujo@db1.com</arg>
<doc>Waits until element specified with ``locator`` contains ``text``.</doc>
<msg timestamp="20210819 19:33:45.201" level="INFO">Verifying element '&lt;appium.webdriver.webelement.WebElement (session="2503A6C8-A481-435F-A8DC-1C0A81BE5034", element="42.2819350.4.36")&gt;' contains text 'jeremias.araujo@db1.com'.</msg>
<status status="PASS" starttime="20210819 19:33:44.853" endtime="20210819 19:33:45.215"/>
</kw>
<kw name="Wait For And Click Element" library="Zoomba.DesktopLibrary">
<arg>accessibility_id=NewButton</arg>
<doc>Wait for and click the element identified by ``locator``.</doc>
<msg timestamp="20210819 19:33:45.451" level="INFO">Clicking element 'accessibility_id=NewButton'.</msg>
<status status="PASS" starttime="20210819 19:33:45.216" endtime="20210819 19:33:45.729"/>
</kw>
<kw name="Send New Email By JSON" library="sendByJSON">
<arg>emailData.json</arg>
<kw name="Get JSON" library="helpers">
<var>${fixture}</var>
<arg>${jsonfile}</arg>
<kw name="Get File" library="OperatingSystem">
<var>${file}</var>
<arg>${EXECDIR}/resources/fixture/${filen_name}</arg>
<doc>Returns the contents of a specified file.</doc>
<msg timestamp="20210819 19:33:45.732" level="INFO" html="true">Getting file '&lt;a href="file://C:\Repository\Zoomba\emailAutomation\resources\fixture\emailData.json"&gt;C:\Repository\Zoomba\emailAutomation\resources\fixture\emailData.json&lt;/a&gt;'.</msg>
<msg timestamp="20210819 19:33:45.733" level="INFO">${file} = {
    "sentTo": [
        {
            "name": "Jeremias Araújo",
            "email": "jqcaraujo@gmail.com"
        },
        {
            "name": "Jeremias Queiroga",
            "email": "jqcara...</msg>
<status status="PASS" starttime="20210819 19:33:45.731" endtime="20210819 19:33:45.733"/>
</kw>
<kw name="Evaluate" library="BuiltIn">
<var>${jsonObject}</var>
<arg>json.loads($file)</arg>
<arg>json</arg>
<doc>Evaluates the given expression in Python and returns the result.</doc>
<msg timestamp="20210819 19:33:45.736" level="INFO">${jsonObject} = {'sentTo': [{'name': 'Jeremias Araújo', 'email': 'jqcaraujo@gmail.com'}, {'name': 'Jeremias Queiroga', 'email': 'jqcaraujo@hotmail.com'}, {'name': 'Jeremias Queiroga da Costa Araújo', 'email': 'jeremi...</msg>
<status status="PASS" starttime="20210819 19:33:45.733" endtime="20210819 19:33:45.736"/>
</kw>
<msg timestamp="20210819 19:33:45.737" level="INFO">${fixture} = {'sentTo': [{'name': 'Jeremias Araújo', 'email': 'jqcaraujo@gmail.com'}, {'name': 'Jeremias Queiroga', 'email': 'jqcaraujo@hotmail.com'}, {'name': 'Jeremias Queiroga da Costa Araújo', 'email': 'jeremi...</msg>
<status status="PASS" starttime="20210819 19:33:45.731" endtime="20210819 19:33:45.737"/>
</kw>
<kw name="Set Variable" library="BuiltIn">
<var>${subject}</var>
<arg>${fixture['subject']}</arg>
<doc>Returns the given values which can then be assigned to a variables.</doc>
<msg timestamp="20210819 19:33:45.738" level="INFO">${subject} = Automacao de Envio de Email por Zoomba</msg>
<status status="PASS" starttime="20210819 19:33:45.737" endtime="20210819 19:33:45.738"/>
</kw>
<kw name="Set Variable" library="BuiltIn">
<var>${bodyText}</var>
<arg>${fixture['body']}</arg>
<doc>Returns the given values which can then be assigned to a variables.</doc>
<msg timestamp="20210819 19:33:45.738" level="INFO">${bodyText} = ['Muito obrigado por ter assistido a palestra sobre zoomba.', 'ENTER', 'Segue abaixo o link do gitHub no qual poderás ter acesso ao código fonte a essa apresentação', 'ENTER', 'Link: https://github.co...</msg>
<status status="PASS" starttime="20210819 19:33:45.738" endtime="20210819 19:33:45.739"/>
</kw>
<kw name="Create Email List To Send By List" library="sendByJSON">
<var>${listToSend}</var>
<arg>${fixture}</arg>
<kw name="Set Variable" library="BuiltIn">
<var>${emails}</var>
<arg>${listToSend['sentTo']}</arg>
<doc>Returns the given values which can then be assigned to a variables.</doc>
<msg timestamp="20210819 19:33:45.740" level="INFO">${emails} = [{'name': 'Jeremias Araújo', 'email': 'jqcaraujo@gmail.com'}, {'name': 'Jeremias Queiroga', 'email': 'jqcaraujo@hotmail.com'}, {'name': 'Jeremias Queiroga da Costa Araújo', 'email': 'jeremias.araujo@d...</msg>
<status status="PASS" starttime="20210819 19:33:45.739" endtime="20210819 19:33:45.740"/>
</kw>
<kw name="Set Variable" library="BuiltIn">
<var>${emailsToSent}</var>
<arg>${EMPTY}</arg>
<doc>Returns the given values which can then be assigned to a variables.</doc>
<msg timestamp="20210819 19:33:45.740" level="INFO">${emailsToSent} = </msg>
<status status="PASS" starttime="20210819 19:33:45.740" endtime="20210819 19:33:45.740"/>
</kw>
<for flavor="IN">
<var>${item}</var>
<value>@{emails}</value>
<iter>
<var name="${item}">{'name': 'Jeremias Araújo', 'email': 'jqcaraujo@gmail.com'}</var>
<kw name="Catenate" library="BuiltIn">
<var>${emailsToSent}</var>
<arg>${emailsToSent}</arg>
<arg>${item['email']};</arg>
<doc>Catenates the given items together and returns the resulted string.</doc>
<msg timestamp="20210819 19:33:45.742" level="INFO">${emailsToSent} =  jqcaraujo@gmail.com;</msg>
<status status="PASS" starttime="20210819 19:33:45.741" endtime="20210819 19:33:45.742"/>
</kw>
<status status="PASS" starttime="20210819 19:33:45.741" endtime="20210819 19:33:45.742"/>
</iter>
<iter>
<var name="${item}">{'name': 'Jeremias Queiroga', 'email': 'jqcaraujo@hotmail.com'}</var>
<kw name="Catenate" library="BuiltIn">
<var>${emailsToSent}</var>
<arg>${emailsToSent}</arg>
<arg>${item['email']};</arg>
<doc>Catenates the given items together and returns the resulted string.</doc>
<msg timestamp="20210819 19:33:45.744" level="INFO">${emailsToSent} =  jqcaraujo@gmail.com; jqcaraujo@hotmail.com;</msg>
<status status="PASS" starttime="20210819 19:33:45.743" endtime="20210819 19:33:45.744"/>
</kw>
<status status="PASS" starttime="20210819 19:33:45.743" endtime="20210819 19:33:45.744"/>
</iter>
<iter>
<var name="${item}">{'name': 'Jeremias Queiroga da Costa Araújo', 'email': 'jeremias.araujo@db1.com.br'}</var>
<kw name="Catenate" library="BuiltIn">
<var>${emailsToSent}</var>
<arg>${emailsToSent}</arg>
<arg>${item['email']};</arg>
<doc>Catenates the given items together and returns the resulted string.</doc>
<msg timestamp="20210819 19:33:45.746" level="INFO">${emailsToSent} =  jqcaraujo@gmail.com; jqcaraujo@hotmail.com; jeremias.araujo@db1.com.br;</msg>
<status status="PASS" starttime="20210819 19:33:45.745" endtime="20210819 19:33:45.746"/>
</kw>
<status status="PASS" starttime="20210819 19:33:45.744" endtime="20210819 19:33:45.746"/>
</iter>
<status status="PASS" starttime="20210819 19:33:45.741" endtime="20210819 19:33:45.746"/>
</for>
<msg timestamp="20210819 19:33:45.747" level="INFO">${listToSend} =  jqcaraujo@gmail.com; jqcaraujo@hotmail.com; jeremias.araujo@db1.com.br;</msg>
<status status="PASS" starttime="20210819 19:33:45.739" endtime="20210819 19:33:45.747"/>
</kw>
<kw name="Fill List To Sent" library="sendByJSON">
<arg>${listToSend}</arg>
<kw name="Wait For And Input Text" library="Zoomba.DesktopLibrary">
<arg>accessibility_id=SearchBox</arg>
<arg>${listToSend}</arg>
<arg>5</arg>
<doc>Wait for and type the given ``locator`` into text field identified by ``locator``.</doc>
<msg timestamp="20210819 19:33:46.240" level="INFO">Typing text ' jqcaraujo@gmail.com; jqcaraujo@hotmail.com; jeremias.araujo@db1.com.br;' into text field 'accessibility_id=SearchBox'</msg>
<status status="PASS" starttime="20210819 19:33:45.747" endtime="20210819 19:33:50.789"/>
</kw>
<status status="PASS" starttime="20210819 19:33:45.747" endtime="20210819 19:33:50.789"/>
</kw>
<kw name="Fill Subject TextBox" library="sendByJSON">
<arg>${subject}</arg>
<kw name="Wait For And Input Text" library="Zoomba.DesktopLibrary">
<arg>name=Assunto</arg>
<arg>${subjectText}</arg>
<arg>5</arg>
<doc>Wait for and type the given ``locator`` into text field identified by ``locator``.</doc>
<msg timestamp="20210819 19:33:51.124" level="INFO">Typing text 'Automacao de Envio de Email por Zoomba' into text field 'name=Assunto'</msg>
<status status="PASS" starttime="20210819 19:33:50.789" endtime="20210819 19:33:53.501"/>
</kw>
<status status="PASS" starttime="20210819 19:33:50.789" endtime="20210819 19:33:53.502"/>
</kw>
<kw name="Fill Email Body" library="sendByJSON">
<arg>${bodyText}</arg>
<for flavor="IN">
<var>${line}</var>
<value>@{bodyText}</value>
<iter>
<var name="${line}">Muito obrigado por ter assistido a palestra sobre zoomba.</var>
<if>
<branch type="IF" condition="&quot;${line}&quot; == &quot;ENTER&quot;">
<kw name="Send Keys" library="Zoomba.DesktopLibrary">
<arg>'\ue007'</arg>
<doc>Sends the desired keys in ``argv``.</doc>
<status status="NOT RUN" starttime="20210819 19:33:53.504" endtime="20210819 19:33:53.504"/>
</kw>
<status status="NOT RUN" starttime="20210819 19:33:53.504" endtime="20210819 19:33:53.504"/>
</branch>
<branch type="ELSE">
<kw name="Input Text" library="Zoomba.DesktopLibrary">
<arg>name=Mensagem</arg>
<arg>${line}</arg>
<doc>Types the given `text` into text field identified by `locator`.</doc>
<msg timestamp="20210819 19:33:53.506" level="INFO">Typing text 'Muito obrigado por ter assistido a palestra sobre zoomba.' into text field 'name=Mensagem'</msg>
<status status="PASS" starttime="20210819 19:33:53.504" endtime="20210819 19:33:57.279"/>
</kw>
<status status="PASS" starttime="20210819 19:33:53.504" endtime="20210819 19:33:57.280"/>
</branch>
<status status="PASS" starttime="20210819 19:33:53.504" endtime="20210819 19:33:57.280"/>
</if>
<status status="PASS" starttime="20210819 19:33:53.504" endtime="20210819 19:33:57.280"/>
</iter>
<iter>
<var name="${line}">ENTER</var>
<if>
<branch type="IF" condition="&quot;${line}&quot; == &quot;ENTER&quot;">
<kw name="Send Keys" library="Zoomba.DesktopLibrary">
<arg>'\ue007'</arg>
<doc>Sends the desired keys in ``argv``.</doc>
<msg timestamp="20210819 19:33:57.287" level="INFO">Sending keys to application</msg>
<status status="PASS" starttime="20210819 19:33:57.282" endtime="20210819 19:33:57.805"/>
</kw>
<status status="PASS" starttime="20210819 19:33:57.281" endtime="20210819 19:33:57.805"/>
</branch>
<branch type="ELSE">
<kw name="Input Text" library="Zoomba.DesktopLibrary">
<arg>name=Mensagem</arg>
<arg>${line}</arg>
<doc>Types the given `text` into text field identified by `locator`.</doc>
<status status="NOT RUN" starttime="20210819 19:33:57.806" endtime="20210819 19:33:57.806"/>
</kw>
<status status="NOT RUN" starttime="20210819 19:33:57.806" endtime="20210819 19:33:57.806"/>
</branch>
<status status="PASS" starttime="20210819 19:33:57.280" endtime="20210819 19:33:57.806"/>
</if>
<status status="PASS" starttime="20210819 19:33:57.280" endtime="20210819 19:33:57.806"/>
</iter>
<iter>
<var name="${line}">Segue abaixo o link do gitHub no qual poderás ter acesso ao código fonte a essa apresentação</var>
<if>
<branch type="IF" condition="&quot;${line}&quot; == &quot;ENTER&quot;">
<kw name="Send Keys" library="Zoomba.DesktopLibrary">
<arg>'\ue007'</arg>
<doc>Sends the desired keys in ``argv``.</doc>
<status status="NOT RUN" starttime="20210819 19:33:57.806" endtime="20210819 19:33:57.806"/>
</kw>
<status status="NOT RUN" starttime="20210819 19:33:57.806" endtime="20210819 19:33:57.806"/>
</branch>
<branch type="ELSE">
<kw name="Input Text" library="Zoomba.DesktopLibrary">
<arg>name=Mensagem</arg>
<arg>${line}</arg>
<doc>Types the given `text` into text field identified by `locator`.</doc>
<msg timestamp="20210819 19:33:57.808" level="INFO">Typing text 'Segue abaixo o link do gitHub no qual poderás ter acesso ao código fonte a essa apresentação' into text field 'name=Mensagem'</msg>
<status status="PASS" starttime="20210819 19:33:57.807" endtime="20210819 19:34:03.615"/>
</kw>
<status status="PASS" starttime="20210819 19:33:57.807" endtime="20210819 19:34:03.616"/>
</branch>
<status status="PASS" starttime="20210819 19:33:57.806" endtime="20210819 19:34:03.616"/>
</if>
<status status="PASS" starttime="20210819 19:33:57.806" endtime="20210819 19:34:03.616"/>
</iter>
<iter>
<var name="${line}">ENTER</var>
<if>
<branch type="IF" condition="&quot;${line}&quot; == &quot;ENTER&quot;">
<kw name="Send Keys" library="Zoomba.DesktopLibrary">
<arg>'\ue007'</arg>
<doc>Sends the desired keys in ``argv``.</doc>
<msg timestamp="20210819 19:34:03.618" level="INFO">Sending keys to application</msg>
<status status="PASS" starttime="20210819 19:34:03.616" endtime="20210819 19:34:04.084"/>
</kw>
<status status="PASS" starttime="20210819 19:34:03.616" endtime="20210819 19:34:04.084"/>
</branch>
<branch type="ELSE">
<kw name="Input Text" library="Zoomba.DesktopLibrary">
<arg>name=Mensagem</arg>
<arg>${line}</arg>
<doc>Types the given `text` into text field identified by `locator`.</doc>
<status status="NOT RUN" starttime="20210819 19:34:04.085" endtime="20210819 19:34:04.085"/>
</kw>
<status status="NOT RUN" starttime="20210819 19:34:04.085" endtime="20210819 19:34:04.085"/>
</branch>
<status status="PASS" starttime="20210819 19:34:03.616" endtime="20210819 19:34:04.086"/>
</if>
<status status="PASS" starttime="20210819 19:34:03.616" endtime="20210819 19:34:04.086"/>
</iter>
<iter>
<var name="${line}">Link: https://github.com/jqueiroga/zoomba-robotFramework</var>
<if>
<branch type="IF" condition="&quot;${line}&quot; == &quot;ENTER&quot;">
<kw name="Send Keys" library="Zoomba.DesktopLibrary">
<arg>'\ue007'</arg>
<doc>Sends the desired keys in ``argv``.</doc>
<status status="NOT RUN" starttime="20210819 19:34:04.087" endtime="20210819 19:34:04.087"/>
</kw>
<status status="NOT RUN" starttime="20210819 19:34:04.087" endtime="20210819 19:34:04.088"/>
</branch>
<branch type="ELSE">
<kw name="Input Text" library="Zoomba.DesktopLibrary">
<arg>name=Mensagem</arg>
<arg>${line}</arg>
<doc>Types the given `text` into text field identified by `locator`.</doc>
<msg timestamp="20210819 19:34:04.094" level="INFO">Typing text 'Link: https://github.com/jqueiroga/zoomba-robotFramework' into text field 'name=Mensagem'</msg>
<status status="PASS" starttime="20210819 19:34:04.089" endtime="20210819 19:34:07.730"/>
</kw>
<status status="PASS" starttime="20210819 19:34:04.088" endtime="20210819 19:34:07.730"/>
</branch>
<status status="PASS" starttime="20210819 19:34:04.086" endtime="20210819 19:34:07.730"/>
</if>
<status status="PASS" starttime="20210819 19:34:04.086" endtime="20210819 19:34:07.731"/>
</iter>
<iter>
<var name="${line}">ENTER</var>
<if>
<branch type="IF" condition="&quot;${line}&quot; == &quot;ENTER&quot;">
<kw name="Send Keys" library="Zoomba.DesktopLibrary">
<arg>'\ue007'</arg>
<doc>Sends the desired keys in ``argv``.</doc>
<msg timestamp="20210819 19:34:07.738" level="INFO">Sending keys to application</msg>
<status status="PASS" starttime="20210819 19:34:07.732" endtime="20210819 19:34:08.230"/>
</kw>
<status status="PASS" starttime="20210819 19:34:07.732" endtime="20210819 19:34:08.230"/>
</branch>
<branch type="ELSE">
<kw name="Input Text" library="Zoomba.DesktopLibrary">
<arg>name=Mensagem</arg>
<arg>${line}</arg>
<doc>Types the given `text` into text field identified by `locator`.</doc>
<status status="NOT RUN" starttime="20210819 19:34:08.230" endtime="20210819 19:34:08.230"/>
</kw>
<status status="NOT RUN" starttime="20210819 19:34:08.230" endtime="20210819 19:34:08.230"/>
</branch>
<status status="PASS" starttime="20210819 19:34:07.731" endtime="20210819 19:34:08.230"/>
</if>
<status status="PASS" starttime="20210819 19:34:07.731" endtime="20210819 19:34:08.231"/>
</iter>
<iter>
<var name="${line}">ENTER</var>
<if>
<branch type="IF" condition="&quot;${line}&quot; == &quot;ENTER&quot;">
<kw name="Send Keys" library="Zoomba.DesktopLibrary">
<arg>'\ue007'</arg>
<doc>Sends the desired keys in ``argv``.</doc>
<msg timestamp="20210819 19:34:08.234" level="INFO">Sending keys to application</msg>
<status status="PASS" starttime="20210819 19:34:08.231" endtime="20210819 19:34:08.693"/>
</kw>
<status status="PASS" starttime="20210819 19:34:08.231" endtime="20210819 19:34:08.693"/>
</branch>
<branch type="ELSE">
<kw name="Input Text" library="Zoomba.DesktopLibrary">
<arg>name=Mensagem</arg>
<arg>${line}</arg>
<doc>Types the given `text` into text field identified by `locator`.</doc>
<status status="NOT RUN" starttime="20210819 19:34:08.693" endtime="20210819 19:34:08.693"/>
</kw>
<status status="NOT RUN" starttime="20210819 19:34:08.693" endtime="20210819 19:34:08.693"/>
</branch>
<status status="PASS" starttime="20210819 19:34:08.231" endtime="20210819 19:34:08.693"/>
</if>
<status status="PASS" starttime="20210819 19:34:08.231" endtime="20210819 19:34:08.693"/>
</iter>
<iter>
<var name="${line}">Jeremias Araújo</var>
<if>
<branch type="IF" condition="&quot;${line}&quot; == &quot;ENTER&quot;">
<kw name="Send Keys" library="Zoomba.DesktopLibrary">
<arg>'\ue007'</arg>
<doc>Sends the desired keys in ``argv``.</doc>
<status status="NOT RUN" starttime="20210819 19:34:08.694" endtime="20210819 19:34:08.694"/>
</kw>
<status status="NOT RUN" starttime="20210819 19:34:08.694" endtime="20210819 19:34:08.694"/>
</branch>
<branch type="ELSE">
<kw name="Input Text" library="Zoomba.DesktopLibrary">
<arg>name=Mensagem</arg>
<arg>${line}</arg>
<doc>Types the given `text` into text field identified by `locator`.</doc>
<msg timestamp="20210819 19:34:08.697" level="INFO">Typing text 'Jeremias Araújo' into text field 'name=Mensagem'</msg>
<status status="PASS" starttime="20210819 19:34:08.695" endtime="20210819 19:34:09.800"/>
</kw>
<status status="PASS" starttime="20210819 19:34:08.694" endtime="20210819 19:34:09.800"/>
</branch>
<status status="PASS" starttime="20210819 19:34:08.694" endtime="20210819 19:34:09.800"/>
</if>
<status status="PASS" starttime="20210819 19:34:08.694" endtime="20210819 19:34:09.800"/>
</iter>
<iter>
<var name="${line}">ENTER</var>
<if>
<branch type="IF" condition="&quot;${line}&quot; == &quot;ENTER&quot;">
<kw name="Send Keys" library="Zoomba.DesktopLibrary">
<arg>'\ue007'</arg>
<doc>Sends the desired keys in ``argv``.</doc>
<msg timestamp="20210819 19:34:09.808" level="INFO">Sending keys to application</msg>
<status status="PASS" starttime="20210819 19:34:09.802" endtime="20210819 19:34:10.285"/>
</kw>
<status status="PASS" starttime="20210819 19:34:09.802" endtime="20210819 19:34:10.285"/>
</branch>
<branch type="ELSE">
<kw name="Input Text" library="Zoomba.DesktopLibrary">
<arg>name=Mensagem</arg>
<arg>${line}</arg>
<doc>Types the given `text` into text field identified by `locator`.</doc>
<status status="NOT RUN" starttime="20210819 19:34:10.285" endtime="20210819 19:34:10.285"/>
</kw>
<status status="NOT RUN" starttime="20210819 19:34:10.285" endtime="20210819 19:34:10.285"/>
</branch>
<status status="PASS" starttime="20210819 19:34:09.801" endtime="20210819 19:34:10.285"/>
</if>
<status status="PASS" starttime="20210819 19:34:09.801" endtime="20210819 19:34:10.285"/>
</iter>
<iter>
<var name="${line}">Palestrante TDC</var>
<if>
<branch type="IF" condition="&quot;${line}&quot; == &quot;ENTER&quot;">
<kw name="Send Keys" library="Zoomba.DesktopLibrary">
<arg>'\ue007'</arg>
<doc>Sends the desired keys in ``argv``.</doc>
<status status="NOT RUN" starttime="20210819 19:34:10.286" endtime="20210819 19:34:10.286"/>
</kw>
<status status="NOT RUN" starttime="20210819 19:34:10.286" endtime="20210819 19:34:10.286"/>
</branch>
<branch type="ELSE">
<kw name="Input Text" library="Zoomba.DesktopLibrary">
<arg>name=Mensagem</arg>
<arg>${line}</arg>
<doc>Types the given `text` into text field identified by `locator`.</doc>
<msg timestamp="20210819 19:34:10.288" level="INFO">Typing text 'Palestrante TDC' into text field 'name=Mensagem'</msg>
<status status="PASS" starttime="20210819 19:34:10.286" endtime="20210819 19:34:11.358"/>
</kw>
<status status="PASS" starttime="20210819 19:34:10.286" endtime="20210819 19:34:11.359"/>
</branch>
<status status="PASS" starttime="20210819 19:34:10.285" endtime="20210819 19:34:11.359"/>
</if>
<status status="PASS" starttime="20210819 19:34:10.285" endtime="20210819 19:34:11.359"/>
</iter>
<iter>
<var name="${line}">ENTER</var>
<if>
<branch type="IF" condition="&quot;${line}&quot; == &quot;ENTER&quot;">
<kw name="Send Keys" library="Zoomba.DesktopLibrary">
<arg>'\ue007'</arg>
<doc>Sends the desired keys in ``argv``.</doc>
<msg timestamp="20210819 19:34:11.363" level="INFO">Sending keys to application</msg>
<status status="PASS" starttime="20210819 19:34:11.360" endtime="20210819 19:34:11.827"/>
</kw>
<status status="PASS" starttime="20210819 19:34:11.360" endtime="20210819 19:34:11.827"/>
</branch>
<branch type="ELSE">
<kw name="Input Text" library="Zoomba.DesktopLibrary">
<arg>name=Mensagem</arg>
<arg>${line}</arg>
<doc>Types the given `text` into text field identified by `locator`.</doc>
<status status="NOT RUN" starttime="20210819 19:34:11.828" endtime="20210819 19:34:11.828"/>
</kw>
<status status="NOT RUN" starttime="20210819 19:34:11.828" endtime="20210819 19:34:11.829"/>
</branch>
<status status="PASS" starttime="20210819 19:34:11.360" endtime="20210819 19:34:11.829"/>
</if>
<status status="PASS" starttime="20210819 19:34:11.359" endtime="20210819 19:34:11.829"/>
</iter>
<iter>
<var name="${line}">Trilha Testes</var>
<if>
<branch type="IF" condition="&quot;${line}&quot; == &quot;ENTER&quot;">
<kw name="Send Keys" library="Zoomba.DesktopLibrary">
<arg>'\ue007'</arg>
<doc>Sends the desired keys in ``argv``.</doc>
<status status="NOT RUN" starttime="20210819 19:34:11.830" endtime="20210819 19:34:11.831"/>
</kw>
<status status="NOT RUN" starttime="20210819 19:34:11.830" endtime="20210819 19:34:11.831"/>
</branch>
<branch type="ELSE">
<kw name="Input Text" library="Zoomba.DesktopLibrary">
<arg>name=Mensagem</arg>
<arg>${line}</arg>
<doc>Types the given `text` into text field identified by `locator`.</doc>
<msg timestamp="20210819 19:34:11.832" level="INFO">Typing text 'Trilha Testes' into text field 'name=Mensagem'</msg>
<status status="PASS" starttime="20210819 19:34:11.831" endtime="20210819 19:34:12.827"/>
</kw>
<status status="PASS" starttime="20210819 19:34:11.831" endtime="20210819 19:34:12.827"/>
</branch>
<status status="PASS" starttime="20210819 19:34:11.829" endtime="20210819 19:34:12.827"/>
</if>
<status status="PASS" starttime="20210819 19:34:11.829" endtime="20210819 19:34:12.827"/>
</iter>
<iter>
<var name="${line}">ENTER</var>
<if>
<branch type="IF" condition="&quot;${line}&quot; == &quot;ENTER&quot;">
<kw name="Send Keys" library="Zoomba.DesktopLibrary">
<arg>'\ue007'</arg>
<doc>Sends the desired keys in ``argv``.</doc>
<msg timestamp="20210819 19:34:12.830" level="INFO">Sending keys to application</msg>
<status status="PASS" starttime="20210819 19:34:12.828" endtime="20210819 19:34:13.294"/>
</kw>
<status status="PASS" starttime="20210819 19:34:12.827" endtime="20210819 19:34:13.295"/>
</branch>
<branch type="ELSE">
<kw name="Input Text" library="Zoomba.DesktopLibrary">
<arg>name=Mensagem</arg>
<arg>${line}</arg>
<doc>Types the given `text` into text field identified by `locator`.</doc>
<status status="NOT RUN" starttime="20210819 19:34:13.295" endtime="20210819 19:34:13.296"/>
</kw>
<status status="NOT RUN" starttime="20210819 19:34:13.295" endtime="20210819 19:34:13.296"/>
</branch>
<status status="PASS" starttime="20210819 19:34:12.827" endtime="20210819 19:34:13.296"/>
</if>
<status status="PASS" starttime="20210819 19:34:12.827" endtime="20210819 19:34:13.296"/>
</iter>
<iter>
<var name="${line}">TDC TRANSFORMATION 2021</var>
<if>
<branch type="IF" condition="&quot;${line}&quot; == &quot;ENTER&quot;">
<kw name="Send Keys" library="Zoomba.DesktopLibrary">
<arg>'\ue007'</arg>
<doc>Sends the desired keys in ``argv``.</doc>
<status status="NOT RUN" starttime="20210819 19:34:13.297" endtime="20210819 19:34:13.298"/>
</kw>
<status status="NOT RUN" starttime="20210819 19:34:13.297" endtime="20210819 19:34:13.298"/>
</branch>
<branch type="ELSE">
<kw name="Input Text" library="Zoomba.DesktopLibrary">
<arg>name=Mensagem</arg>
<arg>${line}</arg>
<doc>Types the given `text` into text field identified by `locator`.</doc>
<msg timestamp="20210819 19:34:13.304" level="INFO">Typing text 'TDC TRANSFORMATION 2021' into text field 'name=Mensagem'</msg>
<status status="PASS" starttime="20210819 19:34:13.298" endtime="20210819 19:34:14.480"/>
</kw>
<status status="PASS" starttime="20210819 19:34:13.298" endtime="20210819 19:34:14.482"/>
</branch>
<status status="PASS" starttime="20210819 19:34:13.296" endtime="20210819 19:34:14.482"/>
</if>
<status status="PASS" starttime="20210819 19:34:13.296" endtime="20210819 19:34:14.482"/>
</iter>
<status status="PASS" starttime="20210819 19:33:53.504" endtime="20210819 19:34:14.482"/>
</for>
<status status="PASS" starttime="20210819 19:33:53.502" endtime="20210819 19:34:14.483"/>
</kw>
<kw name="Click Send Email" library="sendByJSON">
<kw name="Click Element" library="Zoomba.DesktopLibrary">
<arg>name=Enviar</arg>
<doc>Click element identified by `locator`.</doc>
<msg timestamp="20210819 19:34:14.486" level="INFO">Clicking element 'name=Enviar'.</msg>
<status status="PASS" starttime="20210819 19:34:14.484" endtime="20210819 19:34:14.867"/>
</kw>
<status status="PASS" starttime="20210819 19:34:14.483" endtime="20210819 19:34:14.867"/>
</kw>
<kw name="Sleep" library="BuiltIn">
<arg>2</arg>
<doc>Pauses the test executed for the given time.</doc>
<msg timestamp="20210819 19:34:16.870" level="INFO">Slept 2 seconds</msg>
<status status="PASS" starttime="20210819 19:34:14.867" endtime="20210819 19:34:16.870"/>
</kw>
<status status="PASS" starttime="20210819 19:33:45.730" endtime="20210819 19:34:16.870"/>
</kw>
<kw name="Quit Application" library="Zoomba.DesktopLibrary" type="TEARDOWN">
<doc>Quit application. Application can be quit while Appium session is kept alive.
This keyword can be used to close application during test case or between test cases.</doc>
<status status="PASS" starttime="20210819 19:34:16.871" endtime="20210819 19:34:16.944"/>
</kw>
<tag>Windows</tag>
<tag>wip</tag>
<status status="PASS" starttime="20210819 19:33:43.125" endtime="20210819 19:34:16.945"/>
</test>
<kw name="Driver Teardown" library="Zoomba.DesktopLibrary" type="TEARDOWN">
<doc>Stops the WinAppDriver.</doc>
<status status="PASS" starttime="20210819 19:34:16.963" endtime="20210819 19:34:17.010"/>
</kw>
<doc>Zoomba Desktop Library Tests.</doc>
<status status="PASS" starttime="20210819 19:33:39.365" endtime="20210819 19:34:17.010"/>
</suite>
<statistics>
<total>
<stat pass="1" fail="0" skip="0">All Tests</stat>
</total>
<tag>
<stat pass="1" fail="0" skip="0">Windows</stat>
<stat pass="1" fail="0" skip="0">wip</stat>
</tag>
<suite>
<stat pass="1" fail="0" skip="0" id="s1" name="zoombaEmail">zoombaEmail</stat>
</suite>
</statistics>
<errors>
</errors>
</robot>
