<?xml version="1.0" encoding="UTF-8"?>
<robot generator="Robot 4.0.3 (Python 3.9.5 on win32)" generated="20210729 22:07:08.572" rpa="false" schemaversion="2">
<suite id="s1" name="zoombaEmail" source="C:\Repository\Zoomba\zoombaEmail.robot">
<kw name="Start App" type="SETUP">
<doc>Sets up the application for quick launching through 'Launch Application' and starts the winappdriver</doc>
<kw name="Driver Setup" library="Zoomba.DesktopLibrary">
<doc>Starts the WinAppDriver.</doc>
<status status="PASS" starttime="20210729 22:07:09.611" endtime="20210729 22:07:09.672"/>
</kw>
<kw name="Open Application" library="Zoomba.DesktopLibrary">
<arg>${REMOTE_URL}</arg>
<arg>platformName=Windows</arg>
<arg>deviceName=Windows</arg>
<arg>app=${APP}</arg>
<doc>Opens a new application to given Appium server.
If your application has a splash screen please supply the window name of the final window that will appear.
For the capabilities of appium server and Windows please check http://appium.io/docs/en/drivers/windows</doc>
<status status="PASS" starttime="20210729 22:07:09.673" endtime="20210729 22:07:12.011"/>
</kw>
<kw name="Maximize Window" library="Zoomba.DesktopLibrary">
<doc>Maximizes the current application window.</doc>
<status status="PASS" starttime="20210729 22:07:12.011" endtime="20210729 22:07:12.032"/>
</kw>
<kw name="Quit Application" library="Zoomba.DesktopLibrary">
<doc>Quit application. Application can be quit while Appium session is kept alive.
This keyword can be used to close application during test case or between test cases.</doc>
<status status="PASS" starttime="20210729 22:07:12.033" endtime="20210729 22:07:12.059"/>
</kw>
<status status="PASS" starttime="20210729 22:07:09.607" endtime="20210729 22:07:12.060"/>
</kw>
<test id="s1-t1" name="Enviando Novo Email">
<kw name="Launch Application" library="Zoomba.DesktopLibrary" type="SETUP">
<doc>Launch application. Application can be launched while Appium session running.
This keyword can be used to launch application during test case or between test cases.</doc>
<status status="PASS" starttime="20210729 22:07:12.065" endtime="20210729 22:07:13.275"/>
</kw>
<kw name="Set Variable" library="BuiltIn">
<var>${sendTo}</var>
<arg>jqcaraujo@gmail.com</arg>
<doc>Returns the given values which can then be assigned to a variables.</doc>
<msg timestamp="20210729 22:07:13.276" level="INFO">${sendTo} = jqcaraujo@gmail.com</msg>
<status status="PASS" starttime="20210729 22:07:13.275" endtime="20210729 22:07:13.276"/>
</kw>
<kw name="Set Variable" library="BuiltIn">
<var>${subject}</var>
<arg>Text de Automação de Envio de Email por Zoomba</arg>
<doc>Returns the given values which can then be assigned to a variables.</doc>
<msg timestamp="20210729 22:07:13.277" level="INFO">${subject} = Text de Automação de Envio de Email por Zoomba</msg>
<status status="PASS" starttime="20210729 22:07:13.277" endtime="20210729 22:07:13.277"/>
</kw>
<kw name="Set Variable" library="BuiltIn">
<var>${bodyText}</var>
<arg>Olá ouvinte, Muito obrigado por ter assistido a palestra sobre zoomba.</arg>
<doc>Returns the given values which can then be assigned to a variables.</doc>
<msg timestamp="20210729 22:07:13.278" level="INFO">${bodyText} = Olá ouvinte, Muito obrigado por ter assistido a palestra sobre zoomba.</msg>
<status status="PASS" starttime="20210729 22:07:13.278" endtime="20210729 22:07:13.278"/>
</kw>
<kw name="Wait Until Element Contains" library="Zoomba.DesktopLibrary">
<arg>class=ListItem</arg>
<arg>jeremias.araujo@db1.com</arg>
<doc>Waits until element specified with ``locator`` contains ``text``.</doc>
<msg timestamp="20210729 22:07:13.555" level="INFO">Verifying element '&lt;appium.webdriver.webelement.WebElement (session="5D58B020-A70B-41F1-BF1E-C61CD3AF198D", element="42.1247282.4.38")&gt;' contains text 'jeremias.araujo@db1.com'.</msg>
<status status="PASS" starttime="20210729 22:07:13.279" endtime="20210729 22:07:13.569"/>
</kw>
<kw name="Wait For And Click Element" library="Zoomba.DesktopLibrary">
<arg>accessibility_id=NewButton</arg>
<doc>Wait for and click the element identified by ``locator``.</doc>
<msg timestamp="20210729 22:07:13.755" level="INFO">Clicking element 'accessibility_id=NewButton'.</msg>
<status status="PASS" starttime="20210729 22:07:13.570" endtime="20210729 22:07:14.148"/>
</kw>
<kw name="Send New Email">
<arg>${sendTo}</arg>
<arg>${subject}</arg>
<arg>${bodyText}</arg>
<kw name="Fill List TO Sent">
<arg>${listToSend}</arg>
<kw name="Wait For And Input Text" library="Zoomba.DesktopLibrary">
<arg>accessibility_id=SearchBox</arg>
<arg>${listToSend}</arg>
<arg>5</arg>
<doc>Wait for and type the given ``locator`` into text field identified by ``locator``.</doc>
<msg timestamp="20210729 22:07:15.233" level="INFO">Typing text 'jqcaraujo@gmail.com' into text field 'accessibility_id=SearchBox'</msg>
<status status="PASS" starttime="20210729 22:07:14.151" endtime="20210729 22:07:16.343"/>
</kw>
<kw name="Send Keys" library="Zoomba.DesktopLibrary">
<arg>'\ue004'</arg>
<doc>Sends the desired keys in ``argv``.</doc>
<msg timestamp="20210729 22:07:16.345" level="INFO">Sending keys to application</msg>
<status status="PASS" starttime="20210729 22:07:16.343" endtime="20210729 22:07:16.620"/>
</kw>
<status status="PASS" starttime="20210729 22:07:14.150" endtime="20210729 22:07:16.621"/>
</kw>
<kw name="Fill Subject TextBox">
<arg>${subjectText}</arg>
<kw name="Wait For And Input Text" library="Zoomba.DesktopLibrary">
<arg>name=Assunto</arg>
<arg>${subjectText}</arg>
<arg>5</arg>
<doc>Wait for and type the given ``locator`` into text field identified by ``locator``.</doc>
<msg timestamp="20210729 22:07:16.900" level="INFO">Typing text 'Text de Automação de Envio de Email por Zoomba' into text field 'name=Assunto'</msg>
<status status="PASS" starttime="20210729 22:07:16.621" endtime="20210729 22:07:19.268"/>
</kw>
<status status="PASS" starttime="20210729 22:07:16.621" endtime="20210729 22:07:19.268"/>
</kw>
<kw name="Fill Email Body">
<arg>${bodyText}</arg>
<kw name="Wait For And Input Text" library="Zoomba.DesktopLibrary">
<arg>name=Mensagem</arg>
<arg>${bodyText}</arg>
<arg>5</arg>
<doc>Wait for and type the given ``locator`` into text field identified by ``locator``.</doc>
<msg timestamp="20210729 22:07:19.526" level="INFO">Typing text 'Olá ouvinte, Muito obrigado por ter assistido a palestra sobre zoomba.' into text field 'name=Mensagem'</msg>
<status status="PASS" starttime="20210729 22:07:19.269" endtime="20210729 22:07:23.376"/>
</kw>
<status status="PASS" starttime="20210729 22:07:19.268" endtime="20210729 22:07:23.376"/>
</kw>
<kw name="Click Send Email">
<kw name="Click Element" library="Zoomba.DesktopLibrary">
<arg>name=Enviar</arg>
<doc>Click element identified by `locator`.</doc>
<msg timestamp="20210729 22:07:23.379" level="INFO">Clicking element 'name=Enviar'.</msg>
<status status="PASS" starttime="20210729 22:07:23.377" endtime="20210729 22:07:23.835"/>
</kw>
<status status="PASS" starttime="20210729 22:07:23.377" endtime="20210729 22:07:23.836"/>
</kw>
<status status="PASS" starttime="20210729 22:07:14.149" endtime="20210729 22:07:23.836"/>
</kw>
<kw name="Quit Application" library="Zoomba.DesktopLibrary" type="TEARDOWN">
<doc>Quit application. Application can be quit while Appium session is kept alive.
This keyword can be used to close application during test case or between test cases.</doc>
<status status="PASS" starttime="20210729 22:07:23.836" endtime="20210729 22:07:23.865"/>
</kw>
<tag>Windows</tag>
<tag>wip</tag>
<status status="PASS" starttime="20210729 22:07:12.060" endtime="20210729 22:07:23.869"/>
</test>
<kw name="Driver Teardown" library="Zoomba.DesktopLibrary" type="TEARDOWN">
<doc>Stops the WinAppDriver.</doc>
<status status="PASS" starttime="20210729 22:07:23.885" endtime="20210729 22:07:23.948"/>
</kw>
<doc>Zoomba Desktop Library Tests.</doc>
<status status="PASS" starttime="20210729 22:07:08.578" endtime="20210729 22:07:23.948"/>
</suite>
<statistics>
<total>
<stat pass="1" fail="0" skip="0">All Tests</stat>
</total>
<tag>
<stat pass="1" fail="0" skip="0">Windows</stat>
<stat pass="1" fail="0" skip="0">wip</stat>
</tag>
<suite>
<stat pass="1" fail="0" skip="0" id="s1" name="zoombaEmail">zoombaEmail</stat>
</suite>
</statistics>
<errors>
</errors>
</robot>
